# JRE version: OpenJDK Runtime Environment (8.0_76-b03) (build 1.8.0_76-release-b03)
# Java VM: OpenJDK 64-Bit Server VM (25.76-b03 mixed mode linux-amd64 compressed oops)
Heap:
 PSYoungGen      total 218624K, used 15826K [0x00000000eab00000, 0x00000000fc180000, 0x0000000100000000)
  eden space 187904K, 0% used [0x00000000eab00000,0x00000000eab00000,0x00000000f6280000)
  from space 30720K, 51% used [0x00000000f6280000,0x00000000f71f49b0,0x00000000f8080000)
  to   space 42496K, 0% used [0x00000000f9800000,0x00000000f9800000,0x00000000fc180000)
 ParOldGen       total 81920K, used 81678K [0x00000000c0000000, 0x00000000c5000000, 0x00000000eab00000)
  object space 81920K, 99% used [0x00000000c0000000,0x00000000c4fc38e8,0x00000000c5000000)
 Metaspace       used 6316K, capacity 7216K, committed 7296K, reserved 1056768K
  class space    used 584K, capacity 616K, committed 640K, reserved 1048576K
GC Heap History (10 events):
Event: 10.327 GC heap after
Heap after GC invocations=8 (full 0):
 PSYoungGen      total 136192K, used 13813K [0x00000000eab00000, 0x00000000f4800000, 0x0000000100000000)
  eden space 122368K, 0% used [0x00000000eab00000,0x00000000eab00000,0x00000000f2280000)
  from space 13824K, 99% used [0x00000000f3380000,0x00000000f40fd400,0x00000000f4100000)
  to   space 17408K, 0% used [0x00000000f2280000,0x00000000f2280000,0x00000000f3380000)
 ParOldGen       total 42496K, used 27639K [0x00000000c0000000, 0x00000000c2980000, 0x00000000eab00000)
  object space 42496K, 65% used [0x00000000c0000000,0x00000000c1afdc28,0x00000000c2980000)
 Metaspace       used 6113K, capacity 7088K, committed 7296K, reserved 1056768K
  class space    used 584K, capacity 616K, committed 640K, reserved 1048576K
}
Event: 13.070 GC heap before
{Heap before GC invocations=9 (full 0):
 PSYoungGen      total 136192K, used 136181K [0x00000000eab00000, 0x00000000f4800000, 0x0000000100000000)
  eden space 122368K, 100% used [0x00000000eab00000,0x00000000f2280000,0x00000000f2280000)
  from space 13824K, 99% used [0x00000000f3380000,0x00000000f40fd400,0x00000000f4100000)
  to   space 17408K, 0% used [0x00000000f2280000,0x00000000f2280000,0x00000000f3380000)
 ParOldGen       total 42496K, used 27639K [0x00000000c0000000, 0x00000000c2980000, 0x00000000eab00000)
  object space 42496K, 65% used [0x00000000c0000000,0x00000000c1afdc28,0x00000000c2980000)
 Metaspace       used 6254K, capacity 7216K, committed 7296K, reserved 1056768K
  class space    used 584K, capacity 616K, committed 640K, reserved 1048576K
Event: 13.369 GC heap after
Heap after GC invocations=9 (full 0):
 PSYoungGen      total 139776K, used 17389K [0x00000000eab00000, 0x00000000f9e80000, 0x0000000100000000)
  eden space 122368K, 0% used [0x00000000eab00000,0x00000000eab00000,0x00000000f2280000)
  from space 17408K, 99% used [0x00000000f2280000,0x00000000f337b5f0,0x00000000f3380000)
  to   space 26624K, 0% used [0x00000000f8480000,0x00000000f8480000,0x00000000f9e80000)
 ParOldGen       total 44032K, used 43987K [0x00000000c0000000, 0x00000000c2b00000, 0x00000000eab00000)
  object space 44032K, 99% used [0x00000000c0000000,0x00000000c2af4e28,0x00000000c2b00000)
 Metaspace       used 6254K, capacity 7216K, committed 7296K, reserved 1056768K
  class space    used 584K, capacity 616K, committed 640K, reserved 1048576K
}
Event: 13.369 GC heap before
{Heap before GC invocations=10 (full 1):
 PSYoungGen      total 139776K, used 17389K [0x00000000eab00000, 0x00000000f9e80000, 0x0000000100000000)
  eden space 122368K, 0% used [0x00000000eab00000,0x00000000eab00000,0x00000000f2280000)
  from space 17408K, 99% used [0x00000000f2280000,0x00000000f337b5f0,0x00000000f3380000)
  to   space 26624K, 0% used [0x00000000f8480000,0x00000000f8480000,0x00000000f9e80000)
 ParOldGen       total 44032K, used 43987K [0x00000000c0000000, 0x00000000c2b00000, 0x00000000eab00000)
  object space 44032K, 99% used [0x00000000c0000000,0x00000000c2af4e28,0x00000000c2b00000)
 Metaspace       used 6254K, capacity 7216K, committed 7296K, reserved 1056768K
  class space    used 584K, capacity 616K, committed 640K, reserved 1048576K
Event: 16.196 GC heap after
Heap after GC invocations=10 (full 1):
 PSYoungGen      total 139776K, used 13274K [0x00000000eab00000, 0x00000000f9e80000, 0x0000000100000000)
  eden space 122368K, 0% used [0x00000000eab00000,0x00000000eab00000,0x00000000f2280000)
  from space 17408K, 76% used [0x00000000f2280000,0x00000000f2f76830,0x00000000f3380000)
  to   space 26624K, 0% used [0x00000000f8480000,0x00000000f8480000,0x00000000f9e80000)
 ParOldGen       total 81920K, used 43596K [0x00000000c0000000, 0x00000000c5000000, 0x00000000eab00000)
  object space 81920K, 53% used [0x00000000c0000000,0x00000000c2a93108,0x00000000c5000000)
 Metaspace       used 6254K, capacity 7216K, committed 7296K, reserved 1056768K
  class space    used 584K, capacity 616K, committed 640K, reserved 1048576K
}
Event: 18.840 GC heap before
{Heap before GC invocations=11 (full 1):
 PSYoungGen      total 139776K, used 135642K [0x00000000eab00000, 0x00000000f9e80000, 0x0000000100000000)
  eden space 122368K, 100% used [0x00000000eab00000,0x00000000f2280000,0x00000000f2280000)
  from space 17408K, 76% used [0x00000000f2280000,0x00000000f2f76830,0x00000000f3380000)
  to   space 26624K, 0% used [0x00000000f8480000,0x00000000f8480000,0x00000000f9e80000)
 ParOldGen       total 81920K, used 43596K [0x00000000c0000000, 0x00000000c5000000, 0x00000000eab00000)
  object space 81920K, 53% used [0x00000000c0000000,0x00000000c2a93108,0x00000000c5000000)
 Metaspace       used 6305K, capacity 7216K, committed 7296K, reserved 1056768K
  class space    used 584K, capacity 616K, committed 640K, reserved 1048576K
Event: 19.333 GC heap after
Heap after GC invocations=11 (full 1):
 PSYoungGen      total 175616K, used 26426K [0x00000000eab00000, 0x00000000f9e80000, 0x0000000100000000)
  eden space 148992K, 0% used [0x00000000eab00000,0x00000000eab00000,0x00000000f3c80000)
  from space 26624K, 99% used [0x00000000f8480000,0x00000000f9e4eb48,0x00000000f9e80000)
  to   space 30720K, 0% used [0x00000000f6280000,0x00000000f6280000,0x00000000f8080000)
 ParOldGen       total 81920K, used 50217K [0x00000000c0000000, 0x00000000c5000000, 0x00000000eab00000)
  object space 81920K, 61% used [0x00000000c0000000,0x00000000c310a5b8,0x00000000c5000000)
 Metaspace       used 6305K, capacity 7216K, committed 7296K, reserved 1056768K
  class space    used 584K, capacity 616K, committed 640K, reserved 1048576K
}
Event: 23.509 GC heap before
{Heap before GC invocations=12 (full 1):
 PSYoungGen      total 175616K, used 175418K [0x00000000eab00000, 0x00000000f9e80000, 0x0000000100000000)
  eden space 148992K, 100% used [0x00000000eab00000,0x00000000f3c80000,0x00000000f3c80000)
  from space 26624K, 99% used [0x00000000f8480000,0x00000000f9e4eb48,0x00000000f9e80000)
  to   space 30720K, 0% used [0x00000000f6280000,0x00000000f6280000,0x00000000f8080000)
 ParOldGen       total 81920K, used 50217K [0x00000000c0000000, 0x00000000c5000000, 0x00000000eab00000)
  object space 81920K, 61% used [0x00000000c0000000,0x00000000c310a5b8,0x00000000c5000000)
 Metaspace       used 6316K, capacity 7216K, committed 7296K, reserved 1056768K
  class space    used 584K, capacity 616K, committed 640K, reserved 1048576K
Event: 30.630 GC heap after
Heap after GC invocations=12 (full 1):
 PSYoungGen      total 218624K, used 30695K [0x00000000eab00000, 0x00000000fc180000, 0x0000000100000000)
  eden space 187904K, 0% used [0x00000000eab00000,0x00000000eab00000,0x00000000f6280000)
  from space 30720K, 99% used [0x00000000f6280000,0x00000000f8079db8,0x00000000f8080000)
  to   space 42496K, 0% used [0x00000000f9800000,0x00000000f9800000,0x00000000fc180000)
 ParOldGen       total 81920K, used 68496K [0x00000000c0000000, 0x00000000c5000000, 0x00000000eab00000)
  object space 81920K, 83% used [0x00000000c0000000,0x00000000c42e4218,0x00000000c5000000)
 Metaspace       used 6316K, capacity 7216K, committed 7296K, reserved 1056768K
  class space    used 584K, capacity 616K, committed 640K, reserved 1048576K
}
Event: 30.630 GC heap before
{Heap before GC invocations=13 (full 2):
 PSYoungGen      total 218624K, used 30695K [0x00000000eab00000, 0x00000000fc180000, 0x0000000100000000)
  eden space 187904K, 0% used [0x00000000eab00000,0x00000000eab00000,0x00000000f6280000)
  from space 30720K, 99% used [0x00000000f6280000,0x00000000f8079db8,0x00000000f8080000)
  to   space 42496K, 0% used [0x00000000f9800000,0x00000000f9800000,0x00000000fc180000)
 ParOldGen       total 81920K, used 68496K [0x00000000c0000000, 0x00000000c5000000, 0x00000000eab00000)
  object space 81920K, 83% used [0x00000000c0000000,0x00000000c42e4218,0x00000000c5000000)
 Metaspace       used 6316K, capacity 7216K, committed 7296K, reserved 1056768K
  class space    used 584K, capacity 616K, committed 640K, reserved 1048576K

